2018-05-06 21:44:13 INFO  Car - Speed:   0.0; Angle:   0.0; Position:   2,3; Key:  4; Health: 100.0; Tile: START
2018-05-06 21:44:13 INFO  Car - Speed:   0.0; Angle:   0.0; Position:   2,3; Key:  4; Health: 100.0; Tile: START
2018-05-06 21:44:13 INFO  Car - Speed:   0.1; Angle:   3.3; Position:   2,3; Key:  4; Health: 100.0; Tile: START
2018-05-06 21:44:13 INFO  Car - Speed:   0.1; Angle:   6.7; Position:   2,3; Key:  4; Health: 100.0; Tile: START
2018-05-06 21:44:13 INFO  Car - Speed:   0.1; Angle:  10.0; Position:   2,3; Key:  4; Health: 100.0; Tile: START
2018-05-06 21:44:13 INFO  Car - Speed:   0.2; Angle:  13.3; Position:   2,3; Key:  4; Health: 100.0; Tile: START
2018-05-06 21:44:13 INFO  Car - Speed:   0.2; Angle:  16.7; Position:   2,3; Key:  4; Health: 100.0; Tile: START
2018-05-06 21:44:13 INFO  Car - Speed:   0.2; Angle:  20.0; Position:   2,3; Key:  4; Health: 100.0; Tile: START
2018-05-06 21:44:13 INFO  Car - Speed:   0.3; Angle:  23.3; Position:   2,3; Key:  4; Health: 100.0; Tile: START
2018-05-06 21:44:13 INFO  Car - Speed:   0.3; Angle:  26.7; Position:   2,3; Key:  4; Health: 100.0; Tile: START
2018-05-06 21:44:13 INFO  Car - Speed:   0.3; Angle:  30.0; Position:   2,3; Key:  4; Health: 100.0; Tile: START
2018-05-06 21:44:13 INFO  Car - Speed:   0.4; Angle:  33.3; Position:   2,3; Key:  4; Health: 100.0; Tile: START
2018-05-06 21:44:13 INFO  Car - Speed:   0.4; Angle:  36.7; Position:   2,3; Key:  4; Health: 100.0; Tile: START
2018-05-06 21:44:13 INFO  Car - Speed:   0.4; Angle:  40.0; Position:   2,3; Key:  4; Health: 100.0; Tile: START
2018-05-06 21:44:13 INFO  Car - Speed:   0.5; Angle:  43.3; Position:   2,3; Key:  4; Health: 100.0; Tile: START
2018-05-06 21:44:13 INFO  Car - Speed:   0.5; Angle:  46.7; Position:   2,3; Key:  4; Health: 100.0; Tile: START
2018-05-06 21:44:13 INFO  Car - Speed:   0.5; Angle:  50.0; Position:   2,3; Key:  4; Health: 100.0; Tile: START
2018-05-06 21:44:13 INFO  Car - Speed:   0.6; Angle:  53.3; Position:   2,3; Key:  4; Health: 100.0; Tile: START
2018-05-06 21:44:13 INFO  Car - Speed:   0.6; Angle:  56.7; Position:   2,3; Key:  4; Health: 100.0; Tile: START
2018-05-06 21:44:13 INFO  Car - Speed:   0.6; Angle:  60.0; Position:   2,3; Key:  4; Health: 100.0; Tile: START
2018-05-06 21:44:13 INFO  Car - Speed:   0.7; Angle:  63.3; Position:   2,3; Key:  4; Health: 100.0; Tile: START
2018-05-06 21:44:13 INFO  Car - Speed:   0.7; Angle:  66.7; Position:   2,3; Key:  4; Health: 100.0; Tile: START
2018-05-06 21:44:13 INFO  Car - Speed:   0.7; Angle:  70.0; Position:   2,3; Key:  4; Health: 100.0; Tile: START
2018-05-06 21:44:13 INFO  Car - Speed:   0.8; Angle:  73.3; Position:   2,3; Key:  4; Health: 100.0; Tile: START
2018-05-06 21:44:13 INFO  Car - Speed:   0.8; Angle:  76.7; Position:   2,3; Key:  4; Health: 100.0; Tile: START
2018-05-06 21:44:13 INFO  Car - Speed:   0.8; Angle:  80.0; Position:   2,3; Key:  4; Health: 100.0; Tile: START
2018-05-06 21:44:13 INFO  Car - Speed:   0.9; Angle:  83.3; Position:   2,3; Key:  4; Health: 100.0; Tile: START
2018-05-06 21:44:13 INFO  Car - Speed:   0.9; Angle:  86.7; Position:   2,3; Key:  4; Health: 100.0; Tile: START
2018-05-06 21:44:13 INFO  Car - Speed:   0.9; Angle:  90.0; Position:   2,3; Key:  4; Health: 100.0; Tile: START
2018-05-06 21:44:14 INFO  Car - Speed:   1.0; Angle:  90.0; Position:   2,3; Key:  4; Health: 100.0; Tile: START
2018-05-06 21:44:14 INFO  Car - Speed:   1.0; Angle:  90.0; Position:   2,3; Key:  4; Health: 100.0; Tile: START
2018-05-06 21:44:14 INFO  Car - Speed:   1.0; Angle:  90.0; Position:   2,3; Key:  4; Health: 100.0; Tile: START
2018-05-06 21:44:14 INFO  Car - Speed:   1.1; Angle:  90.0; Position:   2,3; Key:  4; Health: 100.0; Tile: START
2018-05-06 21:44:14 INFO  Car - Speed:   1.1; Angle:  90.0; Position:   2,3; Key:  4; Health: 100.0; Tile: START
2018-05-06 21:44:14 INFO  Car - Speed:   1.1; Angle:  90.0; Position:   2,3; Key:  4; Health: 100.0; Tile: START
2018-05-06 21:44:14 INFO  Car - Speed:   1.2; Angle:  90.0; Position:   2,3; Key:  4; Health: 100.0; Tile: START
2018-05-06 21:44:14 INFO  Car - Speed:   1.2; Angle:  90.0; Position:   2,3; Key:  4; Health: 100.0; Tile: START
2018-05-06 21:44:14 INFO  Car - Speed:   1.2; Angle:  90.0; Position:   2,3; Key:  4; Health: 100.0; Tile: START
2018-05-06 21:44:14 INFO  Car - Speed:   1.3; Angle:  90.0; Position:   2,3; Key:  4; Health: 100.0; Tile: START
2018-05-06 21:44:14 INFO  Car - Speed:   1.3; Angle:  90.0; Position:   2,4; Key:  4; Health: 100.0; Tile: ROAD
2018-05-06 21:44:14 INFO  Car - Speed:   1.3; Angle:  86.7; Position:   2,4; Key:  4; Health: 100.0; Tile: ROAD
2018-05-06 21:44:14 INFO  Car - Speed:   1.4; Angle:  83.3; Position:   2,4; Key:  4; Health: 100.0; Tile: ROAD
2018-05-06 21:44:14 INFO  Car - Speed:   1.4; Angle:  80.0; Position:   2,4; Key:  4; Health: 100.0; Tile: ROAD
2018-05-06 21:44:14 INFO  Car - Speed:   1.4; Angle:  76.7; Position:   2,4; Key:  4; Health: 100.0; Tile: ROAD
2018-05-06 21:44:14 INFO  Car - Speed:   1.5; Angle:  73.3; Position:   2,4; Key:  4; Health: 100.0; Tile: ROAD
2018-05-06 21:44:14 INFO  Car - Speed:   1.5; Angle:  70.0; Position:   2,4; Key:  4; Health: 100.0; Tile: ROAD
2018-05-06 21:44:14 INFO  Car - Speed:   1.5; Angle:  66.7; Position:   2,4; Key:  4; Health: 100.0; Tile: ROAD
2018-05-06 21:44:14 INFO  Car - Speed:   1.6; Angle:  63.3; Position:   2,4; Key:  4; Health: 100.0; Tile: ROAD
2018-05-06 21:44:14 INFO  Car - Speed:   1.6; Angle:  60.0; Position:   2,4; Key:  4; Health: 100.0; Tile: ROAD
2018-05-06 21:44:14 INFO  Car - Speed:   1.6; Angle:  56.7; Position:   2,4; Key:  4; Health: 100.0; Tile: ROAD
2018-05-06 21:44:14 INFO  Car - Speed:   1.7; Angle:  53.3; Position:   2,4; Key:  4; Health: 100.0; Tile: ROAD
2018-05-06 21:44:14 INFO  Car - Speed:   1.7; Angle:  50.0; Position:   2,4; Key:  4; Health: 100.0; Tile: ROAD
2018-05-06 21:44:14 INFO  Car - Speed:   1.7; Angle:  46.7; Position:   2,4; Key:  4; Health: 100.0; Tile: ROAD
2018-05-06 21:44:14 INFO  Car - Speed:   1.8; Angle:  43.3; Position:   2,4; Key:  4; Health: 100.0; Tile: ROAD
2018-05-06 21:44:14 INFO  Car - Speed:   1.8; Angle:  40.0; Position:   2,4; Key:  4; Health: 100.0; Tile: ROAD
2018-05-06 21:44:14 INFO  Car - Speed:   1.8; Angle:  36.7; Position:   2,4; Key:  4; Health: 100.0; Tile: ROAD
2018-05-06 21:44:14 INFO  Car - Speed:   1.9; Angle:  33.3; Position:   2,4; Key:  4; Health: 100.0; Tile: ROAD
2018-05-06 21:44:14 INFO  Car - Speed:   1.9; Angle:  30.0; Position:   2,4; Key:  4; Health: 100.0; Tile: ROAD
2018-05-06 21:44:14 INFO  Car - Speed:   1.9; Angle:  26.7; Position:   3,4; Key:  4; Health: 100.0; Tile: ROAD
2018-05-06 21:44:14 INFO  Car - Speed:   2.0; Angle:  23.3; Position:   3,4; Key:  4; Health: 100.0; Tile: ROAD
2018-05-06 21:44:14 INFO  Car - Speed:   2.0; Angle:  20.0; Position:   3,4; Key:  4; Health: 100.0; Tile: ROAD
2018-05-06 21:44:14 INFO  Car - Speed:   2.0; Angle:  16.7; Position:   3,4; Key:  4; Health: 100.0; Tile: ROAD
2018-05-06 21:44:14 INFO  Car - Speed:   2.1; Angle:  13.3; Position:   3,4; Key:  4; Health: 100.0; Tile: ROAD
2018-05-06 21:44:14 INFO  Car - Speed:   2.1; Angle:  10.0; Position:   3,4; Key:  4; Health: 100.0; Tile: ROAD
2018-05-06 21:44:14 INFO  Car - Speed:   2.1; Angle:   6.7; Position:   3,4; Key:  4; Health: 100.0; Tile: ROAD
2018-05-06 21:44:14 INFO  Car - Speed:   2.2; Angle:   3.3; Position:   3,4; Key:  4; Health: 100.0; Tile: ROAD
2018-05-06 21:44:14 INFO  Car - Speed:   2.2; Angle:   0.0; Position:   3,4; Key:  4; Health: 100.0; Tile: ROAD
2018-05-06 21:44:14 INFO  Car - Speed:   2.2; Angle:   3.3; Position:   3,4; Key:  4; Health: 100.0; Tile: ROAD
2018-05-06 21:44:14 INFO  Car - Speed:   2.3; Angle:   0.0; Position:   3,4; Key:  4; Health: 100.0; Tile: ROAD
2018-05-06 21:44:14 INFO  Car - Speed:   2.3; Angle:   0.0; Position:   3,4; Key:  4; Health: 100.0; Tile: ROAD
2018-05-06 21:44:14 INFO  Car - Speed:   2.3; Angle:   0.0; Position:   3,4; Key:  4; Health: 100.0; Tile: ROAD
2018-05-06 21:44:14 INFO  Car - Speed:   2.4; Angle:   0.0; Position:   3,4; Key:  4; Health: 100.0; Tile: ROAD
2018-05-06 21:44:14 INFO  Car - Speed:   2.4; Angle:   0.0; Position:   3,4; Key:  4; Health: 100.0; Tile: ROAD
2018-05-06 21:44:14 INFO  Car - Speed:   2.4; Angle:   0.0; Position:   3,4; Key:  4; Health: 100.0; Tile: ROAD
2018-05-06 21:44:15 INFO  Car - Speed:   2.5; Angle:   0.0; Position:   3,4; Key:  4; Health: 100.0; Tile: ROAD
2018-05-06 21:44:15 INFO  Car - Speed:   2.5; Angle:   0.0; Position:   3,4; Key:  4; Health: 100.0; Tile: ROAD
2018-05-06 21:44:15 INFO  Car - Speed:   2.5; Angle:   0.0; Position:   3,4; Key:  4; Health: 100.0; Tile: ROAD
2018-05-06 21:44:15 INFO  Car - Speed:   2.6; Angle:   0.0; Position:   3,4; Key:  4; Health: 100.0; Tile: ROAD
2018-05-06 21:44:15 INFO  Car - Speed:   2.6; Angle:   0.0; Position:   4,4; Key:  4; Health: 100.0; Tile: ROAD
2018-05-06 21:44:15 INFO  Car - Speed:   2.6; Angle:   0.0; Position:   4,4; Key:  4; Health: 100.0; Tile: ROAD
2018-05-06 21:44:15 INFO  Car - Speed:   2.7; Angle:   0.0; Position:   4,4; Key:  4; Health: 100.0; Tile: ROAD
2018-05-06 21:44:15 INFO  Car - Speed:   2.7; Angle:   0.0; Position:   4,4; Key:  4; Health: 100.0; Tile: ROAD
2018-05-06 21:44:15 INFO  Car - Speed:   2.7; Angle:   0.0; Position:   4,4; Key:  4; Health: 100.0; Tile: ROAD
2018-05-06 21:44:15 INFO  Car - Speed:   2.8; Angle:   0.0; Position:   4,4; Key:  4; Health: 100.0; Tile: ROAD
2018-05-06 21:44:15 INFO  Car - Speed:   2.8; Angle:   0.0; Position:   4,4; Key:  4; Health: 100.0; Tile: ROAD
2018-05-06 21:44:15 INFO  Car - Speed:   2.8; Angle:   0.0; Position:   4,4; Key:  4; Health: 100.0; Tile: ROAD
2018-05-06 21:44:15 INFO  Car - Speed:   2.9; Angle:   0.0; Position:   4,4; Key:  4; Health: 100.0; Tile: ROAD
2018-05-06 21:44:15 INFO  Car - Speed:   2.9; Angle:   0.0; Position:   4,4; Key:  4; Health: 100.0; Tile: ROAD
2018-05-06 21:44:15 INFO  Car - Speed:   2.9; Angle:   0.0; Position:   4,4; Key:  4; Health: 100.0; Tile: ROAD
2018-05-06 21:44:15 INFO  Car - Speed:   3.0; Angle:   0.0; Position:   4,4; Key:  4; Health: 100.0; Tile: ROAD
2018-05-06 21:44:15 INFO  Car - Speed:   3.0; Angle:   0.0; Position:   4,4; Key:  4; Health: 100.0; Tile: ROAD
2018-05-06 21:44:15 INFO  Car - Speed:   3.0; Angle:   0.0; Position:   4,4; Key:  4; Health: 100.0; Tile: ROAD
2018-05-06 21:44:15 INFO  Car - Speed:   3.0; Angle:   0.0; Position:   4,4; Key:  4; Health: 100.0; Tile: ROAD
2018-05-06 21:44:15 INFO  Car - Speed:   3.0; Angle:   0.0; Position:   4,4; Key:  4; Health: 100.0; Tile: ROAD
2018-05-06 21:44:15 INFO  Car - Speed:   3.0; Angle:   0.0; Position:   5,4; Key:  4; Health: 100.0; Tile: ROAD
2018-05-06 21:44:15 INFO  Car - Speed:   3.0; Angle:   0.0; Position:   5,4; Key:  4; Health: 100.0; Tile: ROAD
2018-05-06 21:44:15 INFO  Car - Speed:   3.0; Angle:   0.0; Position:   5,4; Key:  4; Health: 100.0; Tile: ROAD
2018-05-06 21:44:15 INFO  Car - Speed:   3.0; Angle:   0.0; Position:   5,4; Key:  4; Health: 100.0; Tile: ROAD
2018-05-06 21:44:15 INFO  Car - Speed:   3.0; Angle:   0.0; Position:   5,4; Key:  4; Health: 100.0; Tile: ROAD
2018-05-06 21:44:15 INFO  Car - Speed:   3.0; Angle:   0.0; Position:   5,4; Key:  4; Health: 100.0; Tile: ROAD
2018-05-06 21:44:15 INFO  Car - Speed:   3.0; Angle:   0.0; Position:   5,4; Key:  4; Health: 100.0; Tile: ROAD
2018-05-06 21:44:15 INFO  Car - Speed:   3.0; Angle:   0.0; Position:   5,4; Key:  4; Health: 100.0; Tile: ROAD
2018-05-06 21:44:15 INFO  Car - Speed:   3.0; Angle:   0.0; Position:   5,4; Key:  4; Health: 100.0; Tile: ROAD
2018-05-06 21:44:15 INFO  Car - Speed:   3.0; Angle:   0.0; Position:   5,4; Key:  4; Health: 100.0; Tile: ROAD
2018-05-06 21:44:15 INFO  Car - Speed:   3.0; Angle:   0.0; Position:   5,4; Key:  4; Health: 100.0; Tile: ROAD
2018-05-06 21:44:15 INFO  Car - Speed:   3.0; Angle:   0.0; Position:   5,4; Key:  4; Health: 100.0; Tile: ROAD
2018-05-06 21:44:15 INFO  Car - Speed:   3.0; Angle:   0.0; Position:   5,4; Key:  4; Health: 100.0; Tile: ROAD
2018-05-06 21:44:15 INFO  Car - Speed:   3.0; Angle:   0.0; Position:   5,4; Key:  4; Health: 100.0; Tile: ROAD
2018-05-06 21:44:15 INFO  Car - Speed:   3.0; Angle:   0.0; Position:   5,4; Key:  4; Health: 100.0; Tile: ROAD
2018-05-06 21:44:15 INFO  Car - Speed:   3.0; Angle:   0.0; Position:   6,4; Key:  4; Health: 100.0; Tile: ROAD
2018-05-06 21:44:15 INFO  Car - Speed:   3.0; Angle:   0.0; Position:   6,4; Key:  4; Health: 100.0; Tile: ROAD
2018-05-06 21:44:15 INFO  Car - Speed:   3.0; Angle:   0.0; Position:   6,4; Key:  4; Health: 100.0; Tile: ROAD
2018-05-06 21:44:15 INFO  Car - Speed:   3.0; Angle:   0.0; Position:   6,4; Key:  4; Health: 100.0; Tile: ROAD
2018-05-06 21:44:15 INFO  Car - Speed:   3.0; Angle:   0.0; Position:   6,4; Key:  4; Health: 100.0; Tile: ROAD
2018-05-06 21:44:15 INFO  Car - Speed:   3.0; Angle:   0.0; Position:   6,4; Key:  4; Health: 100.0; Tile: ROAD
2018-05-06 21:44:15 INFO  Car - Speed:   3.0; Angle:   0.0; Position:   6,4; Key:  4; Health: 100.0; Tile: ROAD
2018-05-06 21:44:15 INFO  Car - Speed:   3.0; Angle:   0.0; Position:   6,4; Key:  4; Health: 100.0; Tile: ROAD
2018-05-06 21:44:15 INFO  Car - Speed:   3.0; Angle:   0.0; Position:   6,4; Key:  4; Health: 100.0; Tile: ROAD
2018-05-06 21:44:15 INFO  Car - Speed:   3.0; Angle:   0.0; Position:   6,4; Key:  4; Health: 100.0; Tile: ROAD
2018-05-06 21:44:16 INFO  Car - Speed:   3.0; Angle:   0.0; Position:   6,4; Key:  4; Health: 100.0; Tile: ROAD
2018-05-06 21:44:16 INFO  Car - Speed:   3.0; Angle:   0.0; Position:   6,4; Key:  4; Health: 100.0; Tile: ROAD
2018-05-06 21:44:16 INFO  Car - Speed:   3.0; Angle:   0.0; Position:   6,4; Key:  4; Health: 100.0; Tile: ROAD
2018-05-06 21:44:16 INFO  Car - Speed:   3.0; Angle:   0.0; Position:   6,4; Key:  4; Health: 100.0; Tile: ROAD
2018-05-06 21:44:16 INFO  Car - Speed:   3.0; Angle:   0.0; Position:   6,4; Key:  4; Health: 100.0; Tile: ROAD
2018-05-06 21:44:16 INFO  Car - Speed:   3.0; Angle:   0.0; Position:   7,4; Key:  4; Health: 100.0; Tile: ROAD
2018-05-06 21:44:16 INFO  Car - Speed:   3.0; Angle:   0.0; Position:   7,4; Key:  4; Health: 100.0; Tile: ROAD
2018-05-06 21:44:16 INFO  Car - Speed:   3.0; Angle:   3.3; Position:   7,4; Key:  4; Health: 100.0; Tile: ROAD
2018-05-06 21:44:16 INFO  Car - Speed:   3.0; Angle:   6.7; Position:   7,4; Key:  4; Health: 100.0; Tile: ROAD
2018-05-06 21:44:16 INFO  Car - Speed:   2.9; Angle:  10.0; Position:   7,4; Key:  4; Health: 100.0; Tile: ROAD
2018-05-06 21:44:16 INFO  Car - Speed:   2.9; Angle:  13.3; Position:   7,4; Key:  4; Health: 100.0; Tile: ROAD
2018-05-06 21:44:16 INFO  Car - Speed:   2.9; Angle:  16.7; Position:   7,4; Key:  4; Health: 100.0; Tile: ROAD
2018-05-06 21:44:16 INFO  Car - Speed:   2.9; Angle:  20.0; Position:   7,4; Key:  4; Health: 100.0; Tile: ROAD
2018-05-06 21:44:16 INFO  Car - Speed:   2.9; Angle:  23.3; Position:   7,4; Key:  4; Health: 100.0; Tile: ROAD
2018-05-06 21:44:16 INFO  Car - Speed:   2.9; Angle:  26.7; Position:   7,4; Key:  4; Health: 100.0; Tile: ROAD
2018-05-06 21:44:16 INFO  Car - Speed:   2.9; Angle:  30.0; Position:   7,4; Key:  4; Health: 100.0; Tile: ROAD
2018-05-06 21:44:16 INFO  Car - Speed:   2.9; Angle:  33.3; Position:   7,4; Key:  4; Health: 100.0; Tile: ROAD
2018-05-06 21:44:16 INFO  Car - Speed:   2.9; Angle:  36.7; Position:   7,4; Key:  4; Health: 100.0; Tile: ROAD
2018-05-06 21:44:16 INFO  Car - Speed:   2.8; Angle:  40.0; Position:   7,4; Key:  4; Health: 100.0; Tile: ROAD
2018-05-06 21:44:16 INFO  Car - Speed:   2.8; Angle:  43.3; Position:   7,4; Key:  4; Health: 100.0; Tile: ROAD
2018-05-06 21:44:16 INFO  Car - Speed:   2.8; Angle:  46.7; Position:   7,5; Key:  4; Health: 100.0; Tile: ROAD
2018-05-06 21:44:16 INFO  Car - Speed:   2.8; Angle:  50.0; Position:   7,5; Key:  4; Health: 100.0; Tile: ROAD
2018-05-06 21:44:16 INFO  Car - Speed:   2.8; Angle:  53.3; Position:   7,5; Key:  4; Health: 100.0; Tile: ROAD
2018-05-06 21:44:16 INFO  Car - Speed:   2.8; Angle:  56.7; Position:   8,5; Key:  4; Health: 100.0; Tile: ROAD
2018-05-06 21:44:16 INFO  Car - Speed:   2.8; Angle:  60.0; Position:   8,5; Key:  4; Health: 100.0; Tile: ROAD
2018-05-06 21:44:16 INFO  Car - Speed:   2.8; Angle:  63.3; Position:   8,5; Key:  4; Health: 100.0; Tile: ROAD
2018-05-06 21:44:16 INFO  Car - Speed:   2.8; Angle:  66.7; Position:   8,5; Key:  4; Health: 100.0; Tile: ROAD
2018-05-06 21:44:16 INFO  Car - Speed:   2.7; Angle:  70.0; Position:   8,5; Key:  4; Health: 100.0; Tile: ROAD
2018-05-06 21:44:16 INFO  Car - Speed:   2.7; Angle:  73.3; Position:   8,5; Key:  4; Health: 100.0; Tile: ROAD
2018-05-06 21:44:16 INFO  Car - Speed:   2.7; Angle:  76.7; Position:   8,5; Key:  4; Health: 100.0; Tile: ROAD
2018-05-06 21:44:16 INFO  Car - Speed:   2.7; Angle:  80.0; Position:   8,5; Key:  4; Health: 100.0; Tile: ROAD
2018-05-06 21:44:16 INFO  Car - Speed:   2.7; Angle:  83.3; Position:   8,5; Key:  4; Health: 100.0; Tile: ROAD
2018-05-06 21:44:16 INFO  Car - Speed:   2.7; Angle:  86.7; Position:   8,5; Key:  4; Health: 100.0; Tile: ROAD
2018-05-06 21:44:16 INFO  Car - Speed:   2.7; Angle:  90.0; Position:   8,5; Key:  4; Health: 100.0; Tile: ROAD
2018-05-06 21:44:16 INFO  Car - Speed:   2.7; Angle:  90.0; Position:   8,5; Key:  4; Health: 100.0; Tile: ROAD
2018-05-06 21:44:16 INFO  Car - Speed:   2.7; Angle:  93.3; Position:   8,5; Key:  4; Health: 100.0; Tile: ROAD
2018-05-06 21:44:16 INFO  Car - Speed:   2.6; Angle:  96.7; Position:   8,5; Key:  4; Health: 100.0; Tile: ROAD
2018-05-06 21:44:16 INFO  Car - Speed:   2.6; Angle: 100.0; Position:   8,5; Key:  4; Health: 100.0; Tile: ROAD
2018-05-06 21:44:16 INFO  Car - Speed:   2.6; Angle: 103.3; Position:   8,6; Key:  4; Health: 100.0; Tile: ROAD
2018-05-06 21:44:16 INFO  Car - Speed:   2.6; Angle: 103.3; Position:   8,6; Key:  4; Health: 100.0; Tile: ROAD
2018-05-06 21:44:16 INFO  Car - Speed:   2.6; Angle: 100.0; Position:   8,6; Key:  4; Health: 100.0; Tile: ROAD
2018-05-06 21:44:16 INFO  Car - Speed:   2.7; Angle:  96.7; Position:   8,6; Key:  4; Health: 100.0; Tile: ROAD
2018-05-06 21:44:16 INFO  Car - Speed:   2.7; Angle:  93.3; Position:   8,6; Key:  4; Health: 100.0; Tile: ROAD
2018-05-06 21:44:16 INFO  Car - Speed:   2.7; Angle:  90.0; Position:   8,6; Key:  4; Health: 100.0; Tile: ROAD
2018-05-06 21:44:16 INFO  Car - Speed:   2.8; Angle:  90.0; Position:   8,6; Key:  4; Health: 100.0; Tile: ROAD
2018-05-06 21:44:17 INFO  Car - Speed:   2.8; Angle:  90.0; Position:   8,6; Key:  4; Health: 100.0; Tile: ROAD
2018-05-06 21:44:17 INFO  Car - Speed:   2.8; Angle:  90.0; Position:   8,6; Key:  4; Health: 100.0; Tile: ROAD
2018-05-06 21:44:17 INFO  Car - Speed:   2.9; Angle:  90.0; Position:   8,6; Key:  4; Health: 100.0; Tile: ROAD
2018-05-06 21:44:17 INFO  Car - Speed:   2.9; Angle:  90.0; Position:   8,6; Key:  4; Health: 100.0; Tile: ROAD
2018-05-06 21:44:17 INFO  Car - Speed:   2.9; Angle:  90.0; Position:   8,6; Key:  4; Health: 100.0; Tile: ROAD
2018-05-06 21:44:17 INFO  Car - Speed:   3.0; Angle:  90.0; Position:   8,6; Key:  4; Health: 100.0; Tile: ROAD
2018-05-06 21:44:17 INFO  Car - Speed:   3.0; Angle:  90.0; Position:   8,6; Key:  4; Health: 100.0; Tile: ROAD
2018-05-06 21:44:17 INFO  Car - Speed:   3.0; Angle:  90.0; Position:   8,6; Key:  4; Health: 100.0; Tile: ROAD
2018-05-06 21:44:17 INFO  Car - Speed:   3.0; Angle:  90.0; Position:   8,6; Key:  4; Health: 100.0; Tile: ROAD
2018-05-06 21:44:17 INFO  Car - Speed:   3.0; Angle:  90.0; Position:   8,7; Key:  4; Health: 100.0; Tile: ROAD
2018-05-06 21:44:17 INFO  Car - Speed:   3.0; Angle:  90.0; Position:   8,7; Key:  4; Health: 100.0; Tile: ROAD
2018-05-06 21:44:17 INFO  Car - Speed:   3.0; Angle:  90.0; Position:   8,7; Key:  4; Health: 100.0; Tile: ROAD
2018-05-06 21:44:17 INFO  Car - Speed:   3.0; Angle:  90.0; Position:   8,7; Key:  4; Health: 100.0; Tile: ROAD
2018-05-06 21:44:17 INFO  Car - Speed:   3.0; Angle:  90.0; Position:   8,7; Key:  4; Health: 100.0; Tile: ROAD
2018-05-06 21:44:17 INFO  Car - Speed:   3.0; Angle:  90.0; Position:   8,7; Key:  4; Health: 100.0; Tile: ROAD
2018-05-06 21:44:17 INFO  Car - Speed:   3.0; Angle:  90.0; Position:   8,7; Key:  4; Health: 100.0; Tile: ROAD
2018-05-06 21:44:17 INFO  Car - Speed:   3.0; Angle:  90.0; Position:   8,7; Key:  4; Health: 100.0; Tile: ROAD
2018-05-06 21:44:17 INFO  Car - Speed:   3.0; Angle:  90.0; Position:   8,7; Key:  4; Health: 100.0; Tile: ROAD
2018-05-06 21:44:17 INFO  Car - Speed:   3.0; Angle:  90.0; Position:   8,7; Key:  4; Health: 100.0; Tile: ROAD
2018-05-06 21:44:17 INFO  Car - Speed:   3.0; Angle:  90.0; Position:   8,7; Key:  4; Health: 100.0; Tile: ROAD
2018-05-06 21:44:17 INFO  Car - Speed:   3.0; Angle:  90.0; Position:   8,7; Key:  4; Health: 100.0; Tile: ROAD
2018-05-06 21:44:17 INFO  Car - Speed:   3.0; Angle:  90.0; Position:   8,7; Key:  4; Health: 100.0; Tile: ROAD
2018-05-06 21:44:17 INFO  Car - Speed:   3.0; Angle:  90.0; Position:   8,7; Key:  4; Health: 100.0; Tile: ROAD
2018-05-06 21:44:17 INFO  Car - Speed:   3.0; Angle:  90.0; Position:   8,7; Key:  4; Health: 100.0; Tile: ROAD
2018-05-06 21:44:17 INFO  Car - Speed:   3.0; Angle:  90.0; Position:   8,8; Key:  4; Health: 100.0; Tile: ROAD
2018-05-06 21:44:17 INFO  Car - Speed:   3.0; Angle:  90.0; Position:   8,8; Key:  4; Health: 100.0; Tile: ROAD
2018-05-06 21:44:17 INFO  Car - Speed:   3.0; Angle:  90.0; Position:   8,8; Key:  4; Health: 100.0; Tile: ROAD
2018-05-06 21:44:17 INFO  Car - Speed:   3.0; Angle:  90.0; Position:   8,8; Key:  4; Health: 100.0; Tile: ROAD
2018-05-06 21:44:17 INFO  Car - Speed:   3.0; Angle:  90.0; Position:   8,8; Key:  4; Health: 100.0; Tile: ROAD
2018-05-06 21:44:17 INFO  Car - Speed:   3.0; Angle:  90.0; Position:   8,8; Key:  4; Health: 100.0; Tile: ROAD
2018-05-06 21:44:17 INFO  Car - Speed:   3.0; Angle:  90.0; Position:   8,8; Key:  4; Health: 100.0; Tile: ROAD
2018-05-06 21:44:17 INFO  Car - Speed:   3.0; Angle:  90.0; Position:   8,8; Key:  4; Health: 100.0; Tile: ROAD
2018-05-06 21:44:17 INFO  Car - Speed:   3.0; Angle:  90.0; Position:   8,8; Key:  4; Health: 100.0; Tile: ROAD
2018-05-06 21:44:17 INFO  Car - Speed:   3.0; Angle:  90.0; Position:   8,8; Key:  4; Health: 100.0; Tile: ROAD
2018-05-06 21:44:17 INFO  Car - Speed:   3.0; Angle:  90.0; Position:   8,8; Key:  4; Health: 100.0; Tile: ROAD
2018-05-06 21:44:17 INFO  Car - Speed:   3.0; Angle:  90.0; Position:   8,8; Key:  4; Health: 100.0; Tile: ROAD
2018-05-06 21:44:17 INFO  Car - Speed:   3.0; Angle:  90.0; Position:   8,8; Key:  4; Health: 100.0; Tile: ROAD
2018-05-06 21:44:17 INFO  Car - Speed:   3.0; Angle:  90.0; Position:   8,8; Key:  4; Health: 100.0; Tile: ROAD
2018-05-06 21:44:17 INFO  Car - Speed:   3.0; Angle:  90.0; Position:   8,8; Key:  4; Health: 100.0; Tile: ROAD
2018-05-06 21:44:17 INFO  Car - Speed:   3.0; Angle:  90.0; Position:   8,9; Key:  4; Health: 100.0; Tile: ROAD
2018-05-06 21:44:17 INFO  Car - Speed:   3.0; Angle:  90.0; Position:   8,9; Key:  4; Health: 100.0; Tile: ROAD
2018-05-06 21:44:17 INFO  Car - Speed:   3.0; Angle:  90.0; Position:   8,9; Key:  4; Health: 100.0; Tile: ROAD
2018-05-06 21:44:17 INFO  Car - Speed:   3.0; Angle:  90.0; Position:   8,9; Key:  4; Health: 100.0; Tile: ROAD
2018-05-06 21:44:17 INFO  Car - Speed:   3.0; Angle:  90.0; Position:   8,9; Key:  4; Health: 100.0; Tile: ROAD
2018-05-06 21:44:17 INFO  Car - Speed:   3.0; Angle:  90.0; Position:   8,9; Key:  4; Health: 100.0; Tile: ROAD
2018-05-06 21:44:18 INFO  Car - Speed:   3.0; Angle:  90.0; Position:   8,9; Key:  4; Health: 100.0; Tile: ROAD
2018-05-06 21:44:18 INFO  Car - Speed:   3.0; Angle:  90.0; Position:   8,9; Key:  4; Health: 100.0; Tile: ROAD
2018-05-06 21:44:18 INFO  Car - Speed:   3.0; Angle:  90.0; Position:   8,9; Key:  4; Health: 100.0; Tile: ROAD
2018-05-06 21:44:18 INFO  Car - Speed:   3.0; Angle:  90.0; Position:   8,9; Key:  4; Health: 100.0; Tile: ROAD
2018-05-06 21:44:18 INFO  Car - Speed:   3.0; Angle:  90.0; Position:   8,9; Key:  4; Health: 100.0; Tile: ROAD
2018-05-06 21:44:18 INFO  Car - Speed:   3.0; Angle:  90.0; Position:   8,9; Key:  4; Health: 100.0; Tile: ROAD
2018-05-06 21:44:18 INFO  Car - Speed:   3.0; Angle:  90.0; Position:   8,9; Key:  4; Health: 100.0; Tile: ROAD
2018-05-06 21:44:18 INFO  Car - Speed:   3.0; Angle:  90.0; Position:   8,9; Key:  4; Health: 100.0; Tile: ROAD
2018-05-06 21:44:18 INFO  Car - Speed:   3.0; Angle:  90.0; Position:   8,9; Key:  4; Health: 100.0; Tile: ROAD
2018-05-06 21:44:18 INFO  Car - Speed:   3.0; Angle:  90.0; Position:  8,10; Key:  4; Health: 100.0; Tile: ROAD
2018-05-06 21:44:18 INFO  Car - Speed:   3.0; Angle:  90.0; Position:  8,10; Key:  4; Health: 100.0; Tile: ROAD
2018-05-06 21:44:18 INFO  Car - Speed:   3.0; Angle:  90.0; Position:  8,10; Key:  4; Health: 100.0; Tile: ROAD
2018-05-06 21:44:18 INFO  Car - Speed:   3.0; Angle:  90.0; Position:  8,10; Key:  4; Health: 100.0; Tile: ROAD
2018-05-06 21:44:18 INFO  Car - Speed:   3.0; Angle:  90.0; Position:  8,10; Key:  4; Health: 100.0; Tile: ROAD
2018-05-06 21:44:18 INFO  Car - Speed:   3.0; Angle:  90.0; Position:  8,10; Key:  4; Health: 100.0; Tile: ROAD
2018-05-06 21:44:18 INFO  Car - Speed:   3.0; Angle:  90.0; Position:  8,10; Key:  4; Health: 100.0; Tile: ROAD
2018-05-06 21:44:18 INFO  Car - Speed:   3.0; Angle:  90.0; Position:  8,10; Key:  4; Health: 100.0; Tile: ROAD
2018-05-06 21:44:18 INFO  Car - Speed:   3.0; Angle:  90.0; Position:  8,10; Key:  4; Health: 100.0; Tile: ROAD
2018-05-06 21:44:18 INFO  Car - Speed:   3.0; Angle:  90.0; Position:  8,10; Key:  4; Health: 100.0; Tile: ROAD
2018-05-06 21:44:18 INFO  Car - Speed:   3.0; Angle:  90.0; Position:  8,10; Key:  4; Health: 100.0; Tile: ROAD
2018-05-06 21:44:18 INFO  Car - Speed:   3.0; Angle:  90.0; Position:  8,10; Key:  4; Health: 100.0; Tile: ROAD
2018-05-06 21:44:18 INFO  Car - Speed:   3.0; Angle:  90.0; Position:  8,10; Key:  4; Health: 100.0; Tile: ROAD
2018-05-06 21:44:18 INFO  Car - Speed:   3.0; Angle:  90.0; Position:  8,10; Key:  4; Health: 100.0; Tile: ROAD
2018-05-06 21:44:18 INFO  Car - Speed:   3.0; Angle:  90.0; Position:  8,10; Key:  4; Health: 100.0; Tile: ROAD
2018-05-06 21:44:18 INFO  Car - Speed:   3.0; Angle:  90.0; Position:  8,11; Key:  4; Health: 100.0; Tile: ROAD
2018-05-06 21:44:18 INFO  Car - Speed:   3.0; Angle:  90.0; Position:  8,11; Key:  4; Health: 100.0; Tile: ROAD
2018-05-06 21:44:18 INFO  Car - Speed:   3.0; Angle:  90.0; Position:  8,11; Key:  4; Health: 100.0; Tile: ROAD
2018-05-06 21:44:18 INFO  Car - Speed:   3.0; Angle:  90.0; Position:  8,11; Key:  4; Health: 100.0; Tile: ROAD
2018-05-06 21:44:18 INFO  Car - Speed:   3.0; Angle:  90.0; Position:  8,11; Key:  4; Health: 100.0; Tile: ROAD
2018-05-06 21:44:18 INFO  Car - Speed:   3.0; Angle:  90.0; Position:  8,11; Key:  4; Health: 100.0; Tile: ROAD
2018-05-06 21:44:18 INFO  Car - Speed:   3.0; Angle:  90.0; Position:  8,11; Key:  4; Health: 100.0; Tile: ROAD
2018-05-06 21:44:18 INFO  Car - Speed:   3.0; Angle:  90.0; Position:  8,11; Key:  4; Health: 100.0; Tile: ROAD
2018-05-06 21:44:18 INFO  Car - Speed:   3.0; Angle:  90.0; Position:  8,11; Key:  4; Health: 100.0; Tile: ROAD
2018-05-06 21:44:18 INFO  Car - Speed:   3.0; Angle:  90.0; Position:  8,11; Key:  4; Health: 100.0; Tile: ROAD
2018-05-06 21:44:18 INFO  Car - Speed:   3.0; Angle:  90.0; Position:  8,11; Key:  4; Health: 100.0; Tile: ROAD
2018-05-06 21:44:18 INFO  Car - Speed:   3.0; Angle:  90.0; Position:  8,11; Key:  4; Health: 100.0; Tile: ROAD
2018-05-06 21:44:18 INFO  Car - Speed:   3.0; Angle:  90.0; Position:  8,11; Key:  4; Health: 100.0; Tile: ROAD
2018-05-06 21:44:18 INFO  Car - Speed:   3.0; Angle:  90.0; Position:  8,11; Key:  4; Health: 100.0; Tile: ROAD
2018-05-06 21:44:18 INFO  Car - Speed:   3.0; Angle:  90.0; Position:  8,11; Key:  4; Health: 100.0; Tile: ROAD
2018-05-06 21:44:18 INFO  Car - Speed:   3.0; Angle:  90.0; Position:  8,12; Key:  4; Health: 100.0; Tile: ROAD
2018-05-06 21:44:18 INFO  Car - Speed:   3.0; Angle:  90.0; Position:  8,12; Key:  4; Health: 100.0; Tile: ROAD
2018-05-06 21:44:18 INFO  Car - Speed:   3.0; Angle:  90.0; Position:  8,12; Key:  4; Health: 100.0; Tile: ROAD
2018-05-06 21:44:18 INFO  Car - Speed:   3.0; Angle:  90.0; Position:  8,12; Key:  4; Health: 100.0; Tile: ROAD
2018-05-06 21:44:18 INFO  Car - Speed:   3.0; Angle:  90.0; Position:  8,12; Key:  4; Health: 100.0; Tile: ROAD
2018-05-06 21:44:18 INFO  Car - Speed:   3.0; Angle:  90.0; Position:  8,12; Key:  4; Health: 100.0; Tile: ROAD
2018-05-06 21:44:19 INFO  Car - Speed:   3.0; Angle:  90.0; Position:  8,12; Key:  4; Health: 100.0; Tile: ROAD
2018-05-06 21:44:19 INFO  Car - Speed:   3.0; Angle:  90.0; Position:  8,12; Key:  4; Health: 100.0; Tile: ROAD
2018-05-06 21:44:19 INFO  Car - Speed:   3.0; Angle:  90.0; Position:  8,12; Key:  4; Health: 100.0; Tile: ROAD
2018-05-06 21:44:19 INFO  Car - Speed:   3.0; Angle:  90.0; Position:  8,12; Key:  4; Health: 100.0; Tile: ROAD
2018-05-06 21:44:19 INFO  Car - Speed:   3.0; Angle:  90.0; Position:  8,12; Key:  4; Health: 100.0; Tile: ROAD
2018-05-06 21:44:19 INFO  Car - Speed:   3.0; Angle:  90.0; Position:  8,12; Key:  4; Health: 100.0; Tile: ROAD
2018-05-06 21:44:19 INFO  Car - Speed:   3.0; Angle:  90.0; Position:  8,12; Key:  4; Health: 100.0; Tile: ROAD
2018-05-06 21:44:19 INFO  Car - Speed:   3.0; Angle:  90.0; Position:  8,12; Key:  4; Health: 100.0; Tile: ROAD
2018-05-06 21:44:19 INFO  Car - Speed:   3.0; Angle:  90.0; Position:  8,12; Key:  4; Health: 100.0; Tile: ROAD
2018-05-06 21:44:19 INFO  Car - Speed:   3.0; Angle:  90.0; Position:  8,13; Key:  4; Health: 100.0; Tile: ROAD
2018-05-06 21:44:19 INFO  Car - Speed:   3.0; Angle:  90.0; Position:  8,13; Key:  4; Health: 100.0; Tile: ROAD
2018-05-06 21:44:19 INFO  Car - Speed:   3.0; Angle:  93.3; Position:  8,13; Key:  4; Health: 100.0; Tile: ROAD
2018-05-06 21:44:19 INFO  Car - Speed:   3.0; Angle:  96.7; Position:  8,13; Key:  4; Health: 100.0; Tile: ROAD
2018-05-06 21:44:19 INFO  Car - Speed:   3.0; Angle: 100.0; Position:  8,13; Key:  4; Health: 100.0; Tile: ROAD
2018-05-06 21:44:19 INFO  Car - Speed:   2.9; Angle: 103.3; Position:  8,13; Key:  4; Health: 100.0; Tile: ROAD
2018-05-06 21:44:19 INFO  Car - Speed:   2.9; Angle: 106.7; Position:  8,13; Key:  4; Health: 100.0; Tile: ROAD
2018-05-06 21:44:19 INFO  Car - Speed:   2.9; Angle: 110.0; Position:  8,13; Key:  4; Health: 100.0; Tile: ROAD
2018-05-06 21:44:19 INFO  Car - Speed:   2.9; Angle: 113.3; Position:  8,13; Key:  4; Health: 100.0; Tile: ROAD
2018-05-06 21:44:19 INFO  Car - Speed:   2.9; Angle: 116.7; Position:  7,13; Key:  4; Health: 100.0; Tile: ROAD
2018-05-06 21:44:19 INFO  Car - Speed:   2.9; Angle: 120.0; Position:  7,13; Key:  4; Health: 100.0; Tile: ROAD
2018-05-06 21:44:19 INFO  Car - Speed:   2.9; Angle: 123.3; Position:  7,13; Key:  4; Health: 100.0; Tile: ROAD
2018-05-06 21:44:19 INFO  Car - Speed:   2.9; Angle: 126.7; Position:  7,13; Key:  4; Health: 100.0; Tile: ROAD
2018-05-06 21:44:19 INFO  Car - Speed:   2.9; Angle: 130.0; Position:  7,13; Key:  4; Health: 100.0; Tile: ROAD
2018-05-06 21:44:19 INFO  Car - Speed:   2.8; Angle: 133.3; Position:  7,13; Key:  4; Health: 100.0; Tile: ROAD
2018-05-06 21:44:19 INFO  Car - Speed:   2.8; Angle: 136.7; Position:  7,13; Key:  4; Health: 100.0; Tile: ROAD
2018-05-06 21:44:19 INFO  Car - Speed:   2.8; Angle: 140.0; Position:  7,13; Key:  4; Health: 100.0; Tile: ROAD
2018-05-06 21:44:19 INFO  Car - Speed:   2.8; Angle: 143.3; Position:  7,13; Key:  4; Health: 100.0; Tile: ROAD
2018-05-06 21:44:19 INFO  Car - Speed:   2.8; Angle: 146.7; Position:  7,14; Key:  4; Health: 100.0; Tile: ROAD
2018-05-06 21:44:19 INFO  Car - Speed:   2.8; Angle: 150.0; Position:  7,14; Key:  4; Health: 100.0; Tile: ROAD
2018-05-06 21:44:19 INFO  Car - Speed:   2.8; Angle: 153.3; Position:  7,14; Key:  4; Health: 100.0; Tile: ROAD
2018-05-06 21:44:19 INFO  Car - Speed:   2.8; Angle: 156.7; Position:  7,14; Key:  4; Health: 100.0; Tile: ROAD
2018-05-06 21:44:19 INFO  Car - Speed:   2.8; Angle: 160.0; Position:  7,14; Key:  4; Health: 100.0; Tile: ROAD
2018-05-06 21:44:19 INFO  Car - Speed:   2.7; Angle: 163.3; Position:  7,14; Key:  4; Health: 100.0; Tile: ROAD
2018-05-06 21:44:19 INFO  Car - Speed:   2.7; Angle: 166.7; Position:  7,14; Key:  4; Health: 100.0; Tile: ROAD
2018-05-06 21:44:19 INFO  Car - Speed:   2.7; Angle: 170.0; Position:  7,14; Key:  4; Health: 100.0; Tile: ROAD
2018-05-06 21:44:19 INFO  Car - Speed:   2.7; Angle: 173.3; Position:  7,14; Key:  4; Health: 100.0; Tile: ROAD
2018-05-06 21:44:19 INFO  Car - Speed:   2.7; Angle: 176.7; Position:  7,14; Key:  4; Health: 100.0; Tile: ROAD
2018-05-06 21:44:19 INFO  Car - Speed:   2.7; Angle: 180.0; Position:  7,14; Key:  4; Health: 100.0; Tile: ROAD
2018-05-06 21:44:19 INFO  Car - Speed:   2.7; Angle: 180.0; Position:  6,14; Key:  4; Health: 100.0; Tile: ROAD
2018-05-06 21:44:19 INFO  Car - Speed:   2.7; Angle: 180.0; Position:  6,14; Key:  4; Health: 100.0; Tile: ROAD
2018-05-06 21:44:19 INFO  Car - Speed:   2.7; Angle: 180.0; Position:  6,14; Key:  4; Health: 100.0; Tile: ROAD
2018-05-06 21:44:19 INFO  Car - Speed:   2.7; Angle: 180.0; Position:  6,14; Key:  4; Health: 100.0; Tile: ROAD
2018-05-06 21:44:19 INFO  Car - Speed:   2.8; Angle: 180.0; Position:  6,14; Key:  4; Health: 100.0; Tile: ROAD
2018-05-06 21:44:19 INFO  Car - Speed:   2.8; Angle: 180.0; Position:  6,14; Key:  4; Health: 100.0; Tile: ROAD
2018-05-06 21:44:19 INFO  Car - Speed:   2.8; Angle: 180.0; Position:  6,14; Key:  4; Health: 100.0; Tile: ROAD
2018-05-06 21:44:20 INFO  Car - Speed:   2.9; Angle: 180.0; Position:  6,14; Key:  4; Health: 100.0; Tile: ROAD
2018-05-06 21:44:20 INFO  Car - Speed:   2.9; Angle: 180.0; Position:  6,14; Key:  4; Health: 100.0; Tile: ROAD
2018-05-06 21:44:20 INFO  Car - Speed:   2.9; Angle: 180.0; Position:  6,14; Key:  4; Health: 100.0; Tile: ROAD
2018-05-06 21:44:20 INFO  Car - Speed:   3.0; Angle: 180.0; Position:  6,14; Key:  4; Health: 100.0; Tile: ROAD
2018-05-06 21:44:20 INFO  Car - Speed:   3.0; Angle: 180.0; Position:  6,14; Key:  4; Health: 100.0; Tile: ROAD
2018-05-06 21:44:20 INFO  Car - Speed:   3.0; Angle: 180.0; Position:  6,14; Key:  4; Health: 100.0; Tile: ROAD
2018-05-06 21:44:20 INFO  Car - Speed:   3.0; Angle: 180.0; Position:  6,14; Key:  4; Health: 100.0; Tile: ROAD
2018-05-06 21:44:20 INFO  Car - Speed:   3.0; Angle: 180.0; Position:  6,14; Key:  4; Health: 100.0; Tile: ROAD
2018-05-06 21:44:20 INFO  Car - Speed:   3.0; Angle: 180.0; Position:  6,14; Key:  4; Health: 100.0; Tile: ROAD
2018-05-06 21:44:20 INFO  Car - Speed:   3.0; Angle: 180.0; Position:  5,14; Key:  4; Health: 100.0; Tile: ROAD
2018-05-06 21:44:20 INFO  Car - Speed:   3.0; Angle: 180.0; Position:  5,14; Key:  4; Health: 100.0; Tile: ROAD
2018-05-06 21:44:20 INFO  Car - Speed:   3.0; Angle: 180.0; Position:  5,14; Key:  4; Health: 100.0; Tile: ROAD
2018-05-06 21:44:20 INFO  Car - Speed:   3.0; Angle: 180.0; Position:  5,14; Key:  4; Health: 100.0; Tile: ROAD
2018-05-06 21:44:20 INFO  Car - Speed:   3.0; Angle: 180.0; Position:  5,14; Key:  4; Health: 100.0; Tile: ROAD
2018-05-06 21:44:20 INFO  Car - Speed:   3.0; Angle: 180.0; Position:  5,14; Key:  4; Health: 100.0; Tile: ROAD
2018-05-06 21:44:20 INFO  Car - Speed:   3.0; Angle: 180.0; Position:  5,14; Key:  4; Health: 100.0; Tile: ROAD
2018-05-06 21:44:20 INFO  Car - Speed:   3.0; Angle: 180.0; Position:  5,14; Key:  4; Health: 100.0; Tile: ROAD
2018-05-06 21:44:20 INFO  Car - Speed:   3.0; Angle: 180.0; Position:  5,14; Key:  4; Health: 100.0; Tile: ROAD
2018-05-06 21:44:20 INFO  Car - Speed:   3.0; Angle: 180.0; Position:  5,14; Key:  4; Health: 100.0; Tile: ROAD
2018-05-06 21:44:20 INFO  Car - Speed:   3.0; Angle: 180.0; Position:  5,14; Key:  4; Health: 100.0; Tile: ROAD
2018-05-06 21:44:20 INFO  Car - Speed:   3.0; Angle: 180.0; Position:  5,14; Key:  4; Health: 100.0; Tile: ROAD
2018-05-06 21:44:20 INFO  Car - Speed:   3.0; Angle: 180.0; Position:  5,14; Key:  4; Health: 100.0; Tile: ROAD
2018-05-06 21:44:20 INFO  Car - Speed:   3.0; Angle: 180.0; Position:  5,14; Key:  4; Health: 100.0; Tile: ROAD
2018-05-06 21:44:20 INFO  Car - Speed:   3.0; Angle: 180.0; Position:  4,14; Key:  4; Health: 100.0; Tile: ROAD
2018-05-06 21:44:20 INFO  Car - Speed:   3.0; Angle: 180.0; Position:  4,14; Key:  4; Health: 100.0; Tile: ROAD
2018-05-06 21:44:20 INFO  Car - Speed:   3.0; Angle: 180.0; Position:  4,14; Key:  4; Health: 100.0; Tile: ROAD
2018-05-06 21:44:20 INFO  Car - Speed:   3.0; Angle: 180.0; Position:  4,14; Key:  4; Health: 100.0; Tile: ROAD
2018-05-06 21:44:20 INFO  Car - Speed:   3.0; Angle: 180.0; Position:  4,14; Key:  4; Health: 100.0; Tile: ROAD
2018-05-06 21:44:20 INFO  Car - Speed:   3.0; Angle: 180.0; Position:  4,14; Key:  4; Health: 100.0; Tile: ROAD
2018-05-06 21:44:20 INFO  Car - Speed:   3.0; Angle: 180.0; Position:  4,14; Key:  4; Health: 100.0; Tile: ROAD
2018-05-06 21:44:20 INFO  Car - Speed:   3.0; Angle: 180.0; Position:  4,14; Key:  4; Health: 100.0; Tile: ROAD
2018-05-06 21:44:20 INFO  Car - Speed:   3.0; Angle: 180.0; Position:  4,14; Key:  4; Health: 100.0; Tile: ROAD
2018-05-06 21:44:20 INFO  Car - Speed:   3.0; Angle: 180.0; Position:  4,14; Key:  4; Health: 100.0; Tile: ROAD
2018-05-06 21:44:20 INFO  Car - Speed:   3.0; Angle: 180.0; Position:  4,14; Key:  4; Health: 100.0; Tile: ROAD
2018-05-06 21:44:20 INFO  Car - Speed:   3.0; Angle: 180.0; Position:  4,14; Key:  4; Health: 100.0; Tile: ROAD
2018-05-06 21:44:20 INFO  Car - Speed:   3.0; Angle: 180.0; Position:  4,14; Key:  4; Health: 100.0; Tile: ROAD
2018-05-06 21:44:20 INFO  Car - Speed:   3.0; Angle: 180.0; Position:  4,14; Key:  4; Health: 100.0; Tile: ROAD
2018-05-06 21:44:20 INFO  Car - Speed:   3.0; Angle: 180.0; Position:  4,14; Key:  4; Health: 100.0; Tile: ROAD
2018-05-06 21:44:20 INFO  Car - Speed:   3.0; Angle: 180.0; Position:  3,14; Key:  4; Health: 100.0; Tile: ROAD
2018-05-06 21:44:20 INFO  Car - Speed:   3.0; Angle: 180.0; Position:  3,14; Key:  4; Health: 100.0; Tile: ROAD
2018-05-06 21:44:20 INFO  Car - Speed:   3.0; Angle: 183.3; Position:  3,14; Key:  4; Health: 100.0; Tile: ROAD
2018-05-06 21:44:20 INFO  Car - Speed:   3.0; Angle: 186.7; Position:  3,14; Key:  4; Health: 100.0; Tile: ROAD
2018-05-06 21:44:20 INFO  Car - Speed:   3.0; Angle: 190.0; Position:  3,14; Key:  4; Health: 100.0; Tile: ROAD
2018-05-06 21:44:20 INFO  Car - Speed:   3.0; Angle: 193.3; Position:  3,14; Key:  4; Health: 100.0; Tile: ROAD
2018-05-06 21:44:20 INFO  Car - Speed:   3.0; Angle: 196.7; Position:  3,14; Key:  4; Health: 100.0; Tile: ROAD
2018-05-06 21:44:21 INFO  Car - Speed:   2.9; Angle: 200.0; Position:  3,14; Key:  4; Health: 100.0; Tile: ROAD
2018-05-06 21:44:21 INFO  Car - Speed:   2.9; Angle: 203.3; Position:  3,14; Key:  4; Health: 100.0; Tile: ROAD
2018-05-06 21:44:21 INFO  Car - Speed:   2.9; Angle: 206.7; Position:  3,14; Key:  4; Health: 100.0; Tile: ROAD
2018-05-06 21:44:21 INFO  Car - Speed:   2.9; Angle: 210.0; Position:  3,14; Key:  4; Health: 100.0; Tile: ROAD
2018-05-06 21:44:21 INFO  Car - Speed:   2.9; Angle: 213.3; Position:  3,13; Key:  4; Health: 100.0; Tile: ROAD
2018-05-06 21:44:21 INFO  Car - Speed:   2.9; Angle: 216.7; Position:  3,13; Key:  4; Health: 100.0; Tile: ROAD
2018-05-06 21:44:21 INFO  Car - Speed:   2.9; Angle: 220.0; Position:  3,13; Key:  4; Health: 100.0; Tile: ROAD
2018-05-06 21:44:21 INFO  Car - Speed:   2.9; Angle: 223.3; Position:  3,13; Key:  4; Health: 100.0; Tile: ROAD
2018-05-06 21:44:21 INFO  Car - Speed:   2.9; Angle: 226.7; Position:  3,13; Key:  4; Health: 100.0; Tile: ROAD
2018-05-06 21:44:21 INFO  Car - Speed:   2.8; Angle: 230.0; Position:  3,13; Key:  4; Health: 100.0; Tile: ROAD
2018-05-06 21:44:21 INFO  Car - Speed:   2.8; Angle: 233.3; Position:  3,13; Key:  4; Health: 100.0; Tile: ROAD
2018-05-06 21:44:21 INFO  Car - Speed:   2.8; Angle: 236.7; Position:  3,13; Key:  4; Health: 100.0; Tile: ROAD
2018-05-06 21:44:21 INFO  Car - Speed:   2.8; Angle: 240.0; Position:  2,13; Key:  4; Health: 100.0; Tile: ROAD
2018-05-06 21:44:21 INFO  Car - Speed:   2.8; Angle: 243.3; Position:  2,13; Key:  4; Health: 100.0; Tile: ROAD
2018-05-06 21:44:21 INFO  Car - Speed:   2.8; Angle: 246.7; Position:  2,13; Key:  4; Health: 100.0; Tile: ROAD
2018-05-06 21:44:21 INFO  Car - Speed:   2.8; Angle: 250.0; Position:  2,13; Key:  4; Health: 100.0; Tile: ROAD
2018-05-06 21:44:21 INFO  Car - Speed:   2.8; Angle: 253.3; Position:  2,13; Key:  4; Health: 100.0; Tile: ROAD
2018-05-06 21:44:21 INFO  Car - Speed:   2.8; Angle: 256.7; Position:  2,13; Key:  4; Health: 100.0; Tile: ROAD
2018-05-06 21:44:21 INFO  Car - Speed:   2.7; Angle: 260.0; Position:  2,13; Key:  4; Health: 100.0; Tile: ROAD
2018-05-06 21:44:21 INFO  Car - Speed:   2.7; Angle: 263.3; Position:  2,13; Key:  4; Health: 100.0; Tile: ROAD
2018-05-06 21:44:21 INFO  Car - Speed:   2.7; Angle: 266.7; Position:  2,13; Key:  4; Health: 100.0; Tile: ROAD
2018-05-06 21:44:21 INFO  Car - Speed:   2.7; Angle: 270.0; Position:  2,13; Key:  4; Health: 100.0; Tile: ROAD
2018-05-06 21:44:21 INFO  Car - Speed:   2.7; Angle: 270.0; Position:  2,13; Key:  4; Health: 100.0; Tile: ROAD
2018-05-06 21:44:21 INFO  Car - Speed:   2.7; Angle: 273.3; Position:  2,12; Key:  4; Health: 100.0; Tile: TRAP(lava)
2018-05-06 21:44:21 INFO  Car - Speed:   2.7; Angle: 273.3; Position:  2,12; Key:  4; Health:  99.6; Tile: TRAP(lava)
2018-05-06 21:44:21 INFO  Car - Speed:   2.7; Angle: 270.0; Position:  2,12; Key:  4; Health:  99.1; Tile: TRAP(lava)
2018-05-06 21:44:21 INFO  Car - Speed:   2.7; Angle: 270.0; Position:  2,12; Key:  4; Health:  98.7; Tile: TRAP(lava)
2018-05-06 21:44:21 INFO  Car - Speed:   2.8; Angle: 270.0; Position:  2,12; Key:  4; Health:  98.2; Tile: TRAP(lava)
2018-05-06 21:44:21 INFO  Car - Speed:   2.8; Angle: 270.0; Position:  2,12; Key:  4; Health:  97.8; Tile: TRAP(lava)
2018-05-06 21:44:21 INFO  Car - Speed:   2.8; Angle: 270.0; Position:  2,12; Key:  4; Health:  97.3; Tile: TRAP(lava)
2018-05-06 21:44:21 INFO  Car - Speed:   2.9; Angle: 270.0; Position:  2,12; Key:  4; Health:  96.9; Tile: TRAP(lava)
2018-05-06 21:44:21 INFO  Car - Speed:   2.9; Angle: 270.0; Position:  2,12; Key:  4; Health:  96.4; Tile: TRAP(lava)
2018-05-06 21:44:21 INFO  Car - Speed:   2.9; Angle: 270.0; Position:  2,12; Key:  4; Health:  96.0; Tile: TRAP(lava)
2018-05-06 21:44:21 INFO  Car - Speed:   3.0; Angle: 270.0; Position:  2,12; Key:  4; Health:  95.6; Tile: TRAP(lava)
2018-05-06 21:44:21 INFO  Car - Speed:   3.0; Angle: 270.0; Position:  2,12; Key:  4; Health:  95.1; Tile: TRAP(lava)
2018-05-06 21:44:21 INFO  Car - Speed:   3.0; Angle: 270.0; Position:  2,12; Key:  4; Health:  94.7; Tile: TRAP(lava)
2018-05-06 21:44:21 INFO  Car - Speed:   3.0; Angle: 270.0; Position:  2,12; Key:  4; Health:  94.2; Tile: TRAP(lava)
2018-05-06 21:44:21 INFO  Car - Speed:   3.0; Angle: 270.0; Position:  2,12; Key:  4; Health:  93.8; Tile: TRAP(lava)
2018-05-06 21:44:21 INFO  Car - Speed:   3.0; Angle: 270.0; Position:  2,11; Key:  4; Health:  93.3; Tile: TRAP(lava)
2018-05-06 21:44:21 INFO  Car - Speed:   3.0; Angle: 270.0; Position:  2,11; Key:  4; Health:  92.9; Tile: TRAP(lava)
2018-05-06 21:44:21 INFO  Car - Speed:   3.0; Angle: 273.3; Position:  2,11; Key:  4; Health:  92.4; Tile: TRAP(lava)
2018-05-06 21:44:21 INFO  Car - Speed:   3.0; Angle: 276.7; Position:  2,11; Key:  4; Health:  92.0; Tile: TRAP(lava)
2018-05-06 21:44:21 INFO  Car - Speed:   3.0; Angle: 280.0; Position:  2,11; Key:  4; Health:  91.6; Tile: TRAP(lava)
2018-05-06 21:44:21 INFO  Car - Speed:   3.0; Angle: 283.3; Position:  2,11; Key:  4; Health:  91.1; Tile: TRAP(lava)
2018-05-06 21:44:21 INFO  Car - Speed:   2.9; Angle: 286.7; Position:  2,11; Key:  4; Health:  90.7; Tile: TRAP(lava)
2018-05-06 21:44:22 INFO  Car - Speed:   2.9; Angle: 290.0; Position:  2,11; Key:  4; Health:  90.2; Tile: TRAP(lava)
2018-05-06 21:44:22 INFO  Car - Speed:   2.9; Angle: 293.3; Position:  2,11; Key:  4; Health:  89.8; Tile: TRAP(lava)
2018-05-06 21:44:22 INFO  Car - Speed:   2.9; Angle: 296.7; Position:  2,11; Key:  4; Health:  89.3; Tile: TRAP(lava)
2018-05-06 21:44:22 INFO  Car - Speed:   2.9; Angle: 300.0; Position:  3,11; Key:  4; Health:  88.9; Tile: TRAP(lava)
2018-05-06 21:44:22 INFO  Car - Speed:   2.9; Angle: 303.3; Position:  3,11; Key:  4; Health:  88.4; Tile: TRAP(lava)
2018-05-06 21:44:22 INFO  Car - Speed:   2.9; Angle: 306.7; Position:  3,11; Key:  4; Health:  88.0; Tile: TRAP(lava)
2018-05-06 21:44:22 INFO  Car - Speed:   2.9; Angle: 310.0; Position:  3,11; Key:  4; Health:  87.6; Tile: TRAP(lava)
2018-05-06 21:44:22 INFO  Car - Speed:   2.9; Angle: 313.3; Position:  3,11; Key:  4; Health:  87.1; Tile: TRAP(lava)
2018-05-06 21:44:22 INFO  Car - Speed:   2.8; Angle: 316.7; Position:  3,11; Key:  4; Health:  86.7; Tile: TRAP(lava)
2018-05-06 21:44:22 INFO  Car - Speed:   2.8; Angle: 320.0; Position:  3,11; Key:  4; Health:  86.2; Tile: TRAP(lava)
2018-05-06 21:44:22 INFO  Car - Speed:   2.8; Angle: 323.3; Position:  3,11; Key:  4; Health:  85.8; Tile: TRAP(lava)
2018-05-06 21:44:22 INFO  Car - Speed:   2.8; Angle: 326.7; Position:  3,11; Key:  4; Health:  85.3; Tile: TRAP(lava)
2018-05-06 21:44:22 INFO  Car - Speed:   2.8; Angle: 330.0; Position:  3,10; Key:  4; Health:  84.9; Tile: TRAP(health)
2018-05-06 21:44:22 INFO  Car - Speed:   2.8; Angle: 333.3; Position:  3,10; Key:  4; Health:  85.0; Tile: TRAP(health)
2018-05-06 21:44:22 INFO  Car - Speed:   2.8; Angle: 336.7; Position:  3,10; Key:  4; Health:  85.1; Tile: TRAP(health)
2018-05-06 21:44:22 INFO  Car - Speed:   2.8; Angle: 340.0; Position:  3,10; Key:  4; Health:  85.2; Tile: TRAP(health)
2018-05-06 21:44:22 INFO  Car - Speed:   2.8; Angle: 343.3; Position:  3,10; Key:  4; Health:  85.3; Tile: TRAP(health)
2018-05-06 21:44:22 INFO  Car - Speed:   2.7; Angle: 346.7; Position:  3,10; Key:  4; Health:  85.4; Tile: TRAP(health)
2018-05-06 21:44:22 INFO  Car - Speed:   2.7; Angle: 350.0; Position:  3,10; Key:  4; Health:  85.6; Tile: TRAP(health)
2018-05-06 21:44:22 INFO  Car - Speed:   2.7; Angle: 353.3; Position:  3,10; Key:  4; Health:  85.7; Tile: TRAP(health)
2018-05-06 21:44:22 INFO  Car - Speed:   2.7; Angle: 356.7; Position:  3,10; Key:  4; Health:  85.8; Tile: TRAP(health)
2018-05-06 21:44:22 INFO  Car - Speed:   2.7; Angle:   0.0; Position:  3,10; Key:  4; Health:  85.9; Tile: TRAP(health)
2018-05-06 21:44:22 INFO  Car - Speed:   2.7; Angle:   0.0; Position:  4,10; Key:  4; Health:  86.0; Tile: TRAP(health)
2018-05-06 21:44:22 INFO  Car - Speed:   2.7; Angle:   0.0; Position:  4,10; Key:  4; Health:  86.1; Tile: TRAP(health)
2018-05-06 21:44:22 INFO  Car - Speed:   2.7; Angle:   0.0; Position:  4,10; Key:  4; Health:  86.2; Tile: TRAP(health)
2018-05-06 21:44:22 INFO  Car - Speed:   2.7; Angle: 356.7; Position:  4,10; Key:  4; Health:  86.3; Tile: TRAP(health)
2018-05-06 21:44:22 INFO  Car - Speed:   2.7; Angle: 353.3; Position:  4,10; Key:  4; Health:  86.4; Tile: TRAP(health)
2018-05-06 21:44:22 INFO  Car - Speed:   2.7; Angle: 350.0; Position:  4,10; Key:  4; Health:  86.6; Tile: TRAP(health)
2018-05-06 21:44:22 INFO  Car - Speed:   2.7; Angle: 346.7; Position:  4,10; Key:  4; Health:  86.7; Tile: TRAP(health)
2018-05-06 21:44:22 INFO  Car - Speed:   2.7; Angle: 343.3; Position:  4,10; Key:  4; Health:  86.8; Tile: TRAP(health)
2018-05-06 21:44:22 INFO  Car - Speed:   2.6; Angle: 340.0; Position:  4,10; Key:  4; Health:  86.9; Tile: TRAP(health)
2018-05-06 21:44:22 INFO  Car - Speed:   2.6; Angle: 336.7; Position:  4,10; Key:  4; Health:  87.0; Tile: TRAP(health)
2018-05-06 21:44:22 INFO  Car - Speed:   2.6; Angle: 333.3; Position:  4,10; Key:  4; Health:  87.1; Tile: TRAP(health)
2018-05-06 21:44:22 INFO  Car - Speed:   2.6; Angle: 330.0; Position:  4,10; Key:  4; Health:  87.2; Tile: TRAP(health)
2018-05-06 21:44:22 INFO  Car - Speed:   2.6; Angle: 326.7; Position:  4,10; Key:  4; Health:  87.3; Tile: TRAP(health)
2018-05-06 21:44:22 INFO  Car - Speed:   2.6; Angle: 323.3; Position:  4,10; Key:  4; Health:  87.4; Tile: TRAP(health)
2018-05-06 21:44:22 INFO  Car - Speed:   2.6; Angle: 320.0; Position:  4,10; Key:  4; Health:  87.6; Tile: TRAP(health)
2018-05-06 21:44:22 INFO  Car - Speed:   2.6; Angle: 316.7; Position:  4,10; Key:  4; Health:  87.7; Tile: TRAP(health)
2018-05-06 21:44:22 INFO  Car - Speed:   2.6; Angle: 313.3; Position:  4,10; Key:  4; Health:  87.8; Tile: TRAP(health)
2018-05-06 21:44:22 INFO  Car - Speed:   2.5; Angle: 310.0; Position:  4,10; Key:  4; Health:  87.9; Tile: TRAP(health)
2018-05-06 21:44:22 INFO  Car - Speed:   2.5; Angle: 306.7; Position:  4,10; Key:  4; Health:  88.0; Tile: TRAP(health)
2018-05-06 21:44:22 INFO  Car - Speed:   2.5; Angle: 303.3; Position:  4,10; Key:  4; Health:  88.1; Tile: TRAP(health)
2018-05-06 21:44:22 INFO  Car - Speed:   2.5; Angle: 300.0; Position:  4,10; Key:  4; Health:  88.2; Tile: TRAP(health)
2018-05-06 21:44:22 INFO  Car - Speed:   2.5; Angle: 296.7; Position:  5,10; Key:  4; Health:  88.3; Tile: TRAP(health)
2018-05-06 21:44:22 INFO  Car - Speed:   2.5; Angle: 293.3; Position:  5,10; Key:  4; Health:  88.4; Tile: TRAP(health)
2018-05-06 21:44:23 INFO  Car - Speed:   2.5; Angle: 290.0; Position:  5,10; Key:  4; Health:  88.6; Tile: TRAP(health)
2018-05-06 21:44:23 INFO  Car - Speed:   2.5; Angle: 286.7; Position:  5,10; Key:  4; Health:  88.7; Tile: TRAP(health)
2018-05-06 21:44:23 INFO  Car - Speed:   2.5; Angle: 283.3; Position:  5,10; Key:  4; Health:  88.8; Tile: TRAP(health)
2018-05-06 21:44:23 INFO  Car - Speed:   2.4; Angle: 280.0; Position:  5,10; Key:  4; Health:  88.9; Tile: TRAP(health)
2018-05-06 21:44:23 INFO  Car - Speed:   2.4; Angle: 276.7; Position:   5,9; Key:  4; Health:  89.0; Tile: TRAP(health)
2018-05-06 21:44:23 INFO  Car - Speed:   2.4; Angle: 273.3; Position:   5,9; Key:  4; Health:  89.1; Tile: TRAP(health)
2018-05-06 21:44:23 INFO  Car - Speed:   2.4; Angle: 270.0; Position:   5,9; Key:  4; Health:  89.2; Tile: TRAP(health)
2018-05-06 21:44:23 INFO  Car - Speed:   2.4; Angle: 270.0; Position:   5,9; Key:  4; Health:  89.3; Tile: TRAP(health)
2018-05-06 21:44:23 INFO  Car - Speed:   2.5; Angle: 270.0; Position:   5,9; Key:  4; Health:  89.4; Tile: TRAP(health)
2018-05-06 21:44:23 INFO  Car - Speed:   2.5; Angle: 270.0; Position:   5,9; Key:  4; Health:  89.6; Tile: TRAP(health)
2018-05-06 21:44:23 INFO  Car - Speed:   2.5; Angle: 270.0; Position:   5,9; Key:  4; Health:  89.7; Tile: TRAP(health)
2018-05-06 21:44:23 INFO  Car - Speed:   2.6; Angle: 270.0; Position:   5,9; Key:  4; Health:  89.8; Tile: TRAP(health)
2018-05-06 21:44:23 INFO  Car - Speed:   2.6; Angle: 270.0; Position:   5,9; Key:  4; Health:  89.9; Tile: TRAP(health)
2018-05-06 21:44:23 INFO  Car - Speed:   2.6; Angle: 270.0; Position:   5,9; Key:  4; Health:  90.0; Tile: TRAP(health)
2018-05-06 21:44:23 INFO  Car - Speed:   2.7; Angle: 270.0; Position:   5,9; Key:  4; Health:  90.1; Tile: TRAP(health)
2018-05-06 21:44:23 INFO  Car - Speed:   2.7; Angle: 270.0; Position:   5,9; Key:  4; Health:  90.2; Tile: TRAP(health)
2018-05-06 21:44:23 INFO  Car - Speed:   2.7; Angle: 270.0; Position:   5,9; Key:  4; Health:  90.3; Tile: TRAP(health)
2018-05-06 21:44:23 INFO  Car - Speed:   2.8; Angle: 270.0; Position:   5,9; Key:  4; Health:  90.4; Tile: TRAP(health)
2018-05-06 21:44:23 INFO  Car - Speed:   2.8; Angle: 270.0; Position:   5,9; Key:  4; Health:  90.6; Tile: TRAP(health)
2018-05-06 21:44:23 INFO  Car - Speed:   2.8; Angle: 270.0; Position:   5,9; Key:  4; Health:  90.7; Tile: TRAP(health)
2018-05-06 21:44:23 INFO  Car - Speed:   2.9; Angle: 270.0; Position:   5,9; Key:  4; Health:  90.8; Tile: TRAP(health)
2018-05-06 21:44:23 INFO  Car - Speed:   2.9; Angle: 270.0; Position:   5,8; Key:  4; Health:  90.9; Tile: TRAP(health)
2018-05-06 21:44:23 INFO  Car - Speed:   2.9; Angle: 270.0; Position:   5,8; Key:  4; Health:  91.0; Tile: TRAP(health)
2018-05-06 21:44:23 INFO  Car - Speed:   2.9; Angle: 266.7; Position:   5,8; Key:  4; Health:  91.1; Tile: TRAP(health)
2018-05-06 21:44:23 INFO  Car - Speed:   2.9; Angle: 263.3; Position:   5,8; Key:  4; Health:  91.2; Tile: TRAP(health)
2018-05-06 21:44:23 INFO  Car - Speed:   2.9; Angle: 260.0; Position:   5,8; Key:  4; Health:  91.3; Tile: TRAP(health)
2018-05-06 21:44:23 INFO  Car - Speed:   2.9; Angle: 256.7; Position:   5,8; Key:  4; Health:  91.4; Tile: TRAP(health)
2018-05-06 21:44:23 INFO  Car - Speed:   2.9; Angle: 253.3; Position:   5,8; Key:  4; Health:  91.6; Tile: TRAP(health)
2018-05-06 21:44:23 INFO  Car - Speed:   2.9; Angle: 250.0; Position:   5,8; Key:  4; Health:  91.7; Tile: TRAP(health)
2018-05-06 21:44:23 INFO  Car - Speed:   2.9; Angle: 246.7; Position:   5,8; Key:  4; Health:  91.8; Tile: TRAP(health)
2018-05-06 21:44:23 INFO  Car - Speed:   2.9; Angle: 243.3; Position:   4,8; Key:  4; Health:  91.9; Tile: TRAP(health)
2018-05-06 21:44:23 INFO  Car - Speed:   2.8; Angle: 240.0; Position:   4,8; Key:  4; Health:  92.0; Tile: TRAP(health)
2018-05-06 21:44:23 INFO  Car - Speed:   2.8; Angle: 236.7; Position:   4,8; Key:  4; Health:  92.1; Tile: TRAP(health)
2018-05-06 21:44:23 INFO  Car - Speed:   2.8; Angle: 233.3; Position:   4,8; Key:  4; Health:  92.2; Tile: TRAP(health)
2018-05-06 21:44:23 INFO  Car - Speed:   2.8; Angle: 230.0; Position:   4,8; Key:  4; Health:  92.3; Tile: TRAP(health)
2018-05-06 21:44:23 INFO  Car - Speed:   2.8; Angle: 226.7; Position:   4,8; Key:  4; Health:  92.4; Tile: TRAP(health)
2018-05-06 21:44:23 INFO  Car - Speed:   2.8; Angle: 223.3; Position:   4,8; Key:  4; Health:  92.6; Tile: TRAP(health)
2018-05-06 21:44:23 INFO  Car - Speed:   2.8; Angle: 220.0; Position:   4,8; Key:  4; Health:  92.7; Tile: TRAP(health)
2018-05-06 21:44:23 INFO  Car - Speed:   2.8; Angle: 216.7; Position:   4,8; Key:  4; Health:  92.8; Tile: TRAP(health)
2018-05-06 21:44:23 INFO  Car - Speed:   2.8; Angle: 213.3; Position:   4,8; Key:  4; Health:  92.9; Tile: TRAP(health)
2018-05-06 21:44:23 INFO  Car - Speed:   2.7; Angle: 210.0; Position:   4,7; Key:  4; Health:  93.0; Tile: TRAP(health)
2018-05-06 21:44:23 INFO  Car - Speed:   2.7; Angle: 206.7; Position:   4,7; Key:  4; Health:  93.1; Tile: TRAP(health)
2018-05-06 21:44:23 INFO  Car - Speed:   2.7; Angle: 203.3; Position:   4,7; Key:  4; Health:  93.2; Tile: TRAP(health)
2018-05-06 21:44:23 INFO  Car - Speed:   2.7; Angle: 200.0; Position:   4,7; Key:  4; Health:  93.3; Tile: TRAP(health)
2018-05-06 21:44:23 INFO  Car - Speed:   2.7; Angle: 196.7; Position:   4,7; Key:  4; Health:  93.4; Tile: TRAP(health)
2018-05-06 21:44:24 INFO  Car - Speed:   2.7; Angle: 193.3; Position:   4,7; Key:  4; Health:  93.6; Tile: TRAP(health)
2018-05-06 21:44:24 INFO  Car - Speed:   2.7; Angle: 190.0; Position:   4,7; Key:  4; Health:  93.7; Tile: TRAP(health)
2018-05-06 21:44:24 INFO  Car - Speed:   2.7; Angle: 186.7; Position:   4,7; Key:  4; Health:  93.8; Tile: TRAP(health)
2018-05-06 21:44:24 INFO  Car - Speed:   2.7; Angle: 183.3; Position:   4,7; Key:  4; Health:  93.9; Tile: TRAP(health)
2018-05-06 21:44:24 INFO  Car - Speed:   2.6; Angle: 180.0; Position:   4,7; Key:  4; Health:  94.0; Tile: TRAP(health)
2018-05-06 21:44:24 INFO  Car - Speed:   2.7; Angle: 180.0; Position:   3,7; Key:  4; Health:  94.1; Tile: TRAP(health)
2018-05-06 21:44:24 INFO  Car - Speed:   2.7; Angle: 180.0; Position:   3,7; Key:  4; Health:  94.2; Tile: TRAP(health)
2018-05-06 21:44:24 INFO  Car - Speed:   2.7; Angle: 180.0; Position:   3,7; Key:  4; Health:  94.3; Tile: TRAP(health)
2018-05-06 21:44:24 INFO  Car - Speed:   2.8; Angle: 180.0; Position:   3,7; Key:  4; Health:  94.4; Tile: TRAP(health)
2018-05-06 21:44:24 INFO  Car - Speed:   2.8; Angle: 180.0; Position:   3,7; Key:  4; Health:  94.6; Tile: TRAP(health)
2018-05-06 21:44:24 INFO  Car - Speed:   2.8; Angle: 180.0; Position:   3,7; Key:  4; Health:  94.7; Tile: TRAP(health)
2018-05-06 21:44:24 INFO  Car - Speed:   2.9; Angle: 180.0; Position:   3,7; Key:  4; Health:  94.8; Tile: TRAP(health)
2018-05-06 21:44:24 INFO  Car - Speed:   2.9; Angle: 180.0; Position:   3,7; Key:  4; Health:  94.9; Tile: TRAP(health)
2018-05-06 21:44:24 INFO  Car - Speed:   2.9; Angle: 180.0; Position:   3,7; Key:  4; Health:  95.0; Tile: TRAP(health)
2018-05-06 21:44:24 INFO  Car - Speed:   3.0; Angle: 180.0; Position:   3,7; Key:  4; Health:  95.1; Tile: TRAP(health)
2018-05-06 21:44:24 INFO  Car - Speed:   3.0; Angle: 180.0; Position:   3,7; Key:  4; Health:  95.2; Tile: TRAP(health)
2018-05-06 21:44:24 INFO  Car - Speed:   3.0; Angle: 180.0; Position:   3,7; Key:  4; Health:  95.3; Tile: TRAP(health)
2018-05-06 21:44:24 INFO  Car - Speed:   3.0; Angle: 180.0; Position:   3,7; Key:  4; Health:  95.4; Tile: TRAP(health)
2018-05-06 21:44:24 INFO  Car - Speed:   3.0; Angle: 180.0; Position:   3,7; Key:  4; Health:  95.6; Tile: TRAP(health)
2018-05-06 21:44:24 INFO  Car - Speed:   3.0; Angle: 180.0; Position:   3,7; Key:  4; Health:  95.7; Tile: TRAP(health)
2018-05-06 21:44:24 INFO  Car - Speed:   3.0; Angle: 180.0; Position:   2,7; Key:  4; Health:  95.8; Tile: TRAP(health)
2018-05-06 21:44:24 INFO  Car - Speed:   3.0; Angle: 180.0; Position:   2,7; Key:  4; Health:  95.9; Tile: TRAP(health)
2018-05-06 21:44:24 INFO  Car - Speed:   3.0; Angle: 176.7; Position:   2,7; Key:  4; Health:  96.0; Tile: TRAP(health)
2018-05-06 21:44:24 INFO  Car - Speed:   3.0; Angle: 173.3; Position:   2,7; Key:  4; Health:  96.1; Tile: TRAP(health)
2018-05-06 21:44:24 INFO  Car - Speed:   3.0; Angle: 170.0; Position:   2,7; Key:  4; Health:  96.2; Tile: TRAP(health)
2018-05-06 21:44:24 INFO  Car - Speed:   2.9; Angle: 166.7; Position:   2,7; Key:  4; Health:  96.3; Tile: TRAP(health)
2018-05-06 21:44:24 INFO  Car - Speed:   2.9; Angle: 163.3; Position:   2,7; Key:  4; Health:  96.4; Tile: TRAP(health)
